<?xml version="1.0" encoding="UTF-8"?>
<testng-results skipped="0" failed="1" ignored="0" total="1" passed="0">
  <reporter-output>
  </reporter-output>
  <suite name="Command line suite" duration-ms="12772" started-at="2020-08-07T12:01:05Z" finished-at="2020-08-07T12:01:18Z">
    <groups>
    </groups>
    <test name="Command line test" duration-ms="12772" started-at="2020-08-07T12:01:05Z" finished-at="2020-08-07T12:01:18Z">
      <class name="com.techmojo.web.automation.testcases.LoginPageTest">
        <test-method status="PASS" signature="init()[pri:0, instance:com.techmojo.web.automation.testcases.LoginPageTest@74650e52]" name="init" is-config="true" duration-ms="14" started-at="2020-08-07T12:01:05Z" finished-at="2020-08-07T12:01:05Z">
          <reporter-output>
          </reporter-output>
        </test-method> <!-- init -->
        <test-method status="FAIL" signature="doLogin()[pri:0, instance:com.techmojo.web.automation.testcases.LoginPageTest@74650e52]" name="doLogin" duration-ms="12446" started-at="2020-08-07T12:01:05Z" finished-at="2020-08-07T12:01:17Z">
          <exception class="java.lang.AssertionError">
            <message>
              <![CDATA[java.lang.InstantiationException: com.techmojo.web.automation.pages.LoginPage]]>
            </message>
            <full-stacktrace>
              <![CDATA[java.lang.AssertionError: java.lang.InstantiationException: com.techmojo.web.automation.pages.LoginPage
at org.testng.Assert.fail(Assert.java:96)
at com.techmojo.web.automation.base.PageBase.reportFail(PageBase.java:160)
at com.techmojo.web.automation.base.PageBase.openURL(PageBase.java:46)
at com.techmojo.web.automation.testcases.LoginPageTest.doLogin(LoginPageTest.java:29)
at sun.reflect.NativeMethodAccessorImpl.invoke0(Native Method)
at sun.reflect.NativeMethodAccessorImpl.invoke(NativeMethodAccessorImpl.java:62)
at sun.reflect.DelegatingMethodAccessorImpl.invoke(DelegatingMethodAccessorImpl.java:43)
at java.lang.reflect.Method.invoke(Method.java:498)
at org.testng.internal.MethodInvocationHelper.invokeMethod(MethodInvocationHelper.java:124)
at org.testng.internal.Invoker.invokeMethod(Invoker.java:583)
at org.testng.internal.Invoker.invokeTestMethod(Invoker.java:719)
at org.testng.internal.Invoker.invokeTestMethods(Invoker.java:989)
at org.testng.internal.TestMethodWorker.invokeTestMethods(TestMethodWorker.java:125)
at org.testng.internal.TestMethodWorker.run(TestMethodWorker.java:109)
at org.testng.TestRunner.privateRun(TestRunner.java:648)
at org.testng.TestRunner.run(TestRunner.java:505)
at org.testng.SuiteRunner.runTest(SuiteRunner.java:455)
at org.testng.SuiteRunner.runSequentially(SuiteRunner.java:450)
at org.testng.SuiteRunner.privateRun(SuiteRunner.java:415)
at org.testng.SuiteRunner.run(SuiteRunner.java:364)
at org.testng.SuiteRunnerWorker.runSuite(SuiteRunnerWorker.java:52)
at org.testng.SuiteRunnerWorker.run(SuiteRunnerWorker.java:84)
at org.testng.TestNG.runSuitesSequentially(TestNG.java:1208)
at org.testng.TestNG.runSuitesLocally(TestNG.java:1137)
at org.testng.TestNG.runSuites(TestNG.java:1049)
at org.testng.TestNG.run(TestNG.java:1017)
at org.infinitest.testrunner.testng.TestNgRunner.runTest(TestNgRunner.java:82)
at org.infinitest.testrunner.DefaultRunner.runTest(DefaultRunner.java:60)
at org.infinitest.testrunner.TestRunnerProcess.runTest(TestRunnerProcess.java:70)
at org.infinitest.testrunner.TestRunnerProcess.writeTestResultToOutputStream(TestRunnerProcess.java:112)
at org.infinitest.testrunner.TestRunnerProcess.main(TestRunnerProcess.java:89)
]]>
            </full-stacktrace>
          </exception> <!-- java.lang.AssertionError -->
          <reporter-output>
          </reporter-output>
        </test-method> <!-- doLogin -->
        <test-method status="PASS" signature="close()[pri:0, instance:com.techmojo.web.automation.testcases.LoginPageTest@74650e52]" name="close" is-config="true" duration-ms="1" started-at="2020-08-07T12:01:17Z" finished-at="2020-08-07T12:01:17Z">
          <reporter-output>
          </reporter-output>
        </test-method> <!-- close -->
        <test-method status="PASS" signature="flushReports()[pri:0, instance:com.techmojo.web.automation.testcases.LoginPageTest@74650e52]" name="flushReports" is-config="true" duration-ms="270" started-at="2020-08-07T12:01:17Z" finished-at="2020-08-07T12:01:18Z">
          <reporter-output>
          </reporter-output>
        </test-method> <!-- flushReports -->
      </class> <!-- com.techmojo.web.automation.testcases.LoginPageTest -->
    </test> <!-- Command line test -->
  </suite> <!-- Command line suite -->
</testng-results>
